Synthesizing design: avalonSlave.sv
dc_shell-t -x "source -echo do_mapping.tcl"
                                        
                           Design Compiler Graphical 
                                 DC Ultra (TM)
                                  DFTMAX (TM)
                              Power Compiler (TM)
                                 DesignWare (R)
                                 DC Expert (TM)
                               Design Vision (TM)
                               HDL Compiler (TM)
                               VHDL Compiler (TM)
                                  DFT Compiler
                               Design Compiler(R)
                                        
               Version K-2015.06-SP1 for linux64 - Jul 21, 2015 
                                        
                    Copyright (c) 1988 - 2015 Synopsys, Inc.
   This software and the associated documentation are proprietary to Synopsys,
 Inc. This software may only be used in accordance with the terms and conditions
 of a written license agreement with Synopsys, Inc. All other use, reproduction,
            or distribution of this software is strictly prohibited.
Initializing...
# Step 1:  Read in the source file
analyze -format sverilog -lib WORK {flex_counter.sv  avalonSlave.sv}
Running PRESTO HDLC
Compiling source file ./source/flex_counter.sv
Compiling source file ./source/avalonSlave.sv
Warning:  ./source/avalonSlave.sv:32: Using default enum base size of 32. (VER-533)
Presto compilation completed successfully.
Loading db file '/package/eda/cells/OSU/v2.7/synopsys/lib/ami05/osu05_stdcells.db'
Loading db file '/package/eda/synopsys/syn-K-2015.06-SP1/libraries/syn/dw_foundation.sldb'
elaborate avalonSlave -lib WORK
Loading db file '/package/eda/synopsys/syn-K-2015.06-SP1/libraries/syn/gtech.db'
Loading db file '/package/eda/synopsys/syn-K-2015.06-SP1/libraries/syn/standard.sldb'
  Loading link library 'osu05_stdcells'
  Loading link library 'gtech'
Running PRESTO HDLC

Statistics for case statements in always block at line 59 in file
	'./source/avalonSlave.sv'
===============================================
|           Line           |  full/ parallel  |
===============================================
|            62            |    auto/auto     |
===============================================

Statistics for case statements in always block at line 88 in file
	'./source/avalonSlave.sv'
===============================================
|           Line           |  full/ parallel  |
===============================================
|            95            |    auto/auto     |
===============================================

Inferred memory devices in process
	in routine avalonSlave line 41 in file
		'./source/avalonSlave.sv'.
===============================================================================
|    Register Name    |   Type    | Width | Bus | MB | AR | AS | SR | SS | ST |
===============================================================================
|  prev_address_reg   | Flip-flop |   9   |  Y  | N  | Y  | N  | N  | N  | N  |
|      state_reg      | Flip-flop |  32   |  Y  | N  | Y  | N  | N  | N  | N  |
|     dataIn_reg      | Flip-flop |  16   |  Y  | N  | Y  | N  | N  | N  | N  |
===============================================================================

Inferred tri-state devices in process
	in routine avalonSlave line 88 in file
		'./source/avalonSlave.sv'.
=================================================
| Register Name |       Type       | Width | MB |
=================================================
| wAddress_tri  | Tri-State Buffer |   9   | N  |
| sWriteEn_tri  | Tri-State Buffer |   1   | N  |
=================================================
Presto compilation completed successfully.
Elaborated 1 design.
Current design is now 'avalonSlave'.
Information: Building the design 'flex_counter' instantiated from design 'avalonSlave' with
	the parameters "9". (HDL-193)

Inferred memory devices in process
	in routine flex_counter_NUM_CNT_BITS9 line 27 in file
		'./source/flex_counter.sv'.
===============================================================================
|    Register Name    |   Type    | Width | Bus | MB | AR | AS | SR | SS | ST |
===============================================================================
|  rollover_flag_reg  | Flip-flop |   1   |  N  | N  | Y  | N  | N  | N  | N  |
|    count_out_reg    | Flip-flop |   9   |  Y  | N  | Y  | N  | N  | N  | N  |
===============================================================================
Presto compilation completed successfully.
uniquify
# Step 2: Set design constraints
# Uncomment below to set timing, area, power, etc. constraints
# set_max_delay <delay> -from "<input>" -to "<output>"
# set_max_area <area>
# set_max_total_power <power> mW
# Step 3: Compile the design
compile -map_effort medium
Information: Checking out the license 'DesignWare'. (SEC-104)
Information: Evaluating DesignWare library utilization. (UISN-27)

============================================================================
| DesignWare Building Block Library  |         Version         | Available |
============================================================================
| Basic DW Building Blocks           | K-2015.06-DWBB_201506.1 |     *     |
| Licensed DW Building Blocks        | K-2015.06-DWBB_201506.1 |     *     |
============================================================================


Information: There are 15 potential problems in your design. Please run 'check_design' for more information. (LINT-99)



  Beginning Pass 1 Mapping
  ------------------------
  Processing 'flex_counter_NUM_CNT_BITS9'
Information: Added key list 'DesignWare' to design 'flex_counter_NUM_CNT_BITS9'. (DDB-72)
  Processing 'avalonSlave'
Information: The register 'state_reg[31]' is a constant and will be removed. (OPT-1206)
Information: The register 'state_reg[30]' is a constant and will be removed. (OPT-1206)
Information: The register 'state_reg[29]' is a constant and will be removed. (OPT-1206)
Information: The register 'state_reg[28]' is a constant and will be removed. (OPT-1206)
Information: The register 'state_reg[27]' is a constant and will be removed. (OPT-1206)
Information: The register 'state_reg[26]' is a constant and will be removed. (OPT-1206)
Information: The register 'state_reg[25]' is a constant and will be removed. (OPT-1206)
Information: The register 'state_reg[24]' is a constant and will be removed. (OPT-1206)
Information: The register 'state_reg[23]' is a constant and will be removed. (OPT-1206)
Information: The register 'state_reg[22]' is a constant and will be removed. (OPT-1206)
Information: The register 'state_reg[21]' is a constant and will be removed. (OPT-1206)
Information: The register 'state_reg[20]' is a constant and will be removed. (OPT-1206)
Information: The register 'state_reg[19]' is a constant and will be removed. (OPT-1206)
Information: The register 'state_reg[18]' is a constant and will be removed. (OPT-1206)
Information: The register 'state_reg[17]' is a constant and will be removed. (OPT-1206)
Information: The register 'state_reg[16]' is a constant and will be removed. (OPT-1206)
Information: The register 'state_reg[15]' is a constant and will be removed. (OPT-1206)
Information: The register 'state_reg[14]' is a constant and will be removed. (OPT-1206)
Information: The register 'state_reg[13]' is a constant and will be removed. (OPT-1206)
Information: The register 'state_reg[12]' is a constant and will be removed. (OPT-1206)
Information: The register 'state_reg[11]' is a constant and will be removed. (OPT-1206)
Information: The register 'state_reg[10]' is a constant and will be removed. (OPT-1206)
Information: The register 'state_reg[9]' is a constant and will be removed. (OPT-1206)
Information: The register 'state_reg[8]' is a constant and will be removed. (OPT-1206)
Information: The register 'state_reg[7]' is a constant and will be removed. (OPT-1206)
Information: The register 'state_reg[6]' is a constant and will be removed. (OPT-1206)
Information: The register 'state_reg[5]' is a constant and will be removed. (OPT-1206)
Information: The register 'state_reg[4]' is a constant and will be removed. (OPT-1206)
Information: The register 'state_reg[3]' is a constant and will be removed. (OPT-1206)
Information: The register 'state_reg[2]' is a constant and will be removed. (OPT-1206)

  Updating timing information
Information: Updating design information... (UID-85)
Information: Design 'avalonSlave' has no optimization constraints set. (OPT-108)

  Beginning Implementation Selection
  ----------------------------------
  Processing 'avalonSlave_DW01_cmp2_0'
  Processing 'avalonSlave_DW01_cmp6_0'
  Processing 'flex_counter_NUM_CNT_BITS9_DW01_dec_0'
  Processing 'flex_counter_NUM_CNT_BITS9_DW01_inc_0'
  Mapping 'flex_counter_NUM_CNT_BITS9_DW_mult_uns_0'
  Processing 'flex_counter_NUM_CNT_BITS9_DW01_cmp2_0'

  Beginning Mapping Optimizations  (Medium effort)
  -------------------------------
  Structuring 'flex_counter_NUM_CNT_BITS9'
  Mapping 'flex_counter_NUM_CNT_BITS9'
  Structuring 'avalonSlave'
  Mapping 'avalonSlave'

                                  TOTAL                                      
   ELAPSED            WORST NEG   SETUP    DESIGN                            
    TIME      AREA      SLACK     COST    RULE COST         ENDPOINT         
  --------- --------- --------- --------- --------- -------------------------
    0:00:02  127260.0      0.00       0.0       0.4                          
    0:00:02  127260.0      0.00       0.0       0.4                          
    0:00:02  127260.0      0.00       0.0       0.4                          
    0:00:02  127260.0      0.00       0.0       0.4                          
    0:00:02  127260.0      0.00       0.0       0.4                          
    0:00:02  125964.0      0.00       0.0       0.2                          
    0:00:02  125964.0      0.00       0.0       0.2                          
    0:00:02  125964.0      0.00       0.0       0.2                          
    0:00:02  125820.0      0.00       0.0       0.2                          
    0:00:02  125820.0      0.00       0.0       0.2                          
    0:00:02  125964.0      0.00       0.0       0.0                          
    0:00:02  125964.0      0.00       0.0       0.0                          
    0:00:02  125964.0      0.00       0.0       0.0                          
    0:00:02  125964.0      0.00       0.0       0.0                          



  Beginning Delay Optimization Phase
  ----------------------------------

                                  TOTAL                                      
   ELAPSED            WORST NEG   SETUP    DESIGN                            
    TIME      AREA      SLACK     COST    RULE COST         ENDPOINT         
  --------- --------- --------- --------- --------- -------------------------
    0:00:02  125964.0      0.00       0.0       0.0                          
    0:00:02  125964.0      0.00       0.0       0.0                          
    0:00:02  125964.0      0.00       0.0       0.0                          


  Beginning Area-Recovery Phase  (cleanup)
  -----------------------------

                                  TOTAL                                      
   ELAPSED            WORST NEG   SETUP    DESIGN                            
    TIME      AREA      SLACK     COST    RULE COST         ENDPOINT         
  --------- --------- --------- --------- --------- -------------------------
    0:00:02  125964.0      0.00       0.0       0.0                          
    0:00:02  125964.0      0.00       0.0       0.0                          
    0:00:02  125964.0      0.00       0.0       0.0                          
    0:00:02  125964.0      0.00       0.0       0.0                          
    0:00:02  125964.0      0.00       0.0       0.0                          
    0:00:02  125964.0      0.00       0.0       0.0                          
    0:00:02  125964.0      0.00       0.0       0.0                          
    0:00:02  125964.0      0.00       0.0       0.0                          
    0:00:02  125964.0      0.00       0.0       0.0                          
    0:00:02  125964.0      0.00       0.0       0.0                          
    0:00:02  125964.0      0.00       0.0       0.0                          
Loading db file '/package/eda/cells/OSU/v2.7/synopsys/lib/ami05/osu05_stdcells.db'


Note: Symbol # after min delay cost means estimated hold TNS across all active scenarios 


  Optimization Complete
  ---------------------
# Step 4: Output reports
report_timing -path full -delay max -max_paths 1 -nworst 1 > reports/avalonSlave.rep
report_area >> reports/avalonSlave.rep
report_power -hier >> reports/avalonSlave.rep
# Step 5: Output final VHDL and Verilog files
write_file -format verilog -hierarchy -output "mapped/avalonSlave.v"
Writing verilog file '/home/ecegrid/a/mg103/ece337/finalProject/FFT/charlesIsCool/mapped/avalonSlave.v'.
echo "\nScript Done\n"

Script Done

echo "\nChecking Design\n"

Checking Design

check_design
 
****************************************
check_design summary:
Version:     K-2015.06-SP1
Date:        Sat Nov 26 16:46:19 2016
****************************************

                   Name                                            Total
--------------------------------------------------------------------------------
Inputs/Outputs                                                      1
    Unconnected ports (LINT-28)                                     1

Cells                                                              10
    Connected to power or ground (LINT-32)                          9
    Nets connected to multiple pins on same cell (LINT-33)          1
--------------------------------------------------------------------------------

Warning: In design 'avalonSlave', port 'slave_read' is not connected to any nets. (LINT-28)
Warning: In design 'avalonSlave', a pin on submodule 'samNum' is connected to logic 1 or logic 0. (LINT-32)
   Pin 'rollover_val[8]' is connected to logic 1. 
Warning: In design 'avalonSlave', a pin on submodule 'samNum' is connected to logic 1 or logic 0. (LINT-32)
   Pin 'rollover_val[7]' is connected to logic 0. 
Warning: In design 'avalonSlave', a pin on submodule 'samNum' is connected to logic 1 or logic 0. (LINT-32)
   Pin 'rollover_val[6]' is connected to logic 0. 
Warning: In design 'avalonSlave', a pin on submodule 'samNum' is connected to logic 1 or logic 0. (LINT-32)
   Pin 'rollover_val[5]' is connected to logic 0. 
Warning: In design 'avalonSlave', a pin on submodule 'samNum' is connected to logic 1 or logic 0. (LINT-32)
   Pin 'rollover_val[4]' is connected to logic 0. 
Warning: In design 'avalonSlave', a pin on submodule 'samNum' is connected to logic 1 or logic 0. (LINT-32)
   Pin 'rollover_val[3]' is connected to logic 0. 
Warning: In design 'avalonSlave', a pin on submodule 'samNum' is connected to logic 1 or logic 0. (LINT-32)
   Pin 'rollover_val[2]' is connected to logic 0. 
Warning: In design 'avalonSlave', a pin on submodule 'samNum' is connected to logic 1 or logic 0. (LINT-32)
   Pin 'rollover_val[1]' is connected to logic 0. 
Warning: In design 'avalonSlave', a pin on submodule 'samNum' is connected to logic 1 or logic 0. (LINT-32)
   Pin 'rollover_val[0]' is connected to logic 0. 
Warning: In design 'avalonSlave', the same net is connected to more than one pin on submodule 'samNum'. (LINT-33)
   Net '*Logic0*' is connected to pins 'rollover_val[7]', 'rollover_val[6]'', 'rollover_val[5]', 'rollover_val[4]', 'rollover_val[3]', 'rollover_val[2]', 'rollover_val[1]', 'rollover_val[0]'.
quit

Thank you...
Done


