Synthesizing design: avSlave.sv
dc_shell-t -x "source -echo do_mapping.tcl"
                                        
                           Design Compiler Graphical 
                                 DC Ultra (TM)
                                  DFTMAX (TM)
                              Power Compiler (TM)
                                 DesignWare (R)
                                 DC Expert (TM)
                               Design Vision (TM)
                               HDL Compiler (TM)
                               VHDL Compiler (TM)
                                  DFT Compiler
                               Design Compiler(R)
                                        
               Version K-2015.06-SP1 for linux64 - Jul 21, 2015 
                                        
                    Copyright (c) 1988 - 2015 Synopsys, Inc.
   This software and the associated documentation are proprietary to Synopsys,
 Inc. This software may only be used in accordance with the terms and conditions
 of a written license agreement with Synopsys, Inc. All other use, reproduction,
            or distribution of this software is strictly prohibited.
Initializing...
# Step 1:  Read in the source file
analyze -format sverilog -lib WORK {flex_counter.sv  avSlave.sv}
Running PRESTO HDLC
Compiling source file ./source/flex_counter.sv
Compiling source file ./source/avSlave.sv
Warning:  ./source/avSlave.sv:25: Using default enum base size of 32. (VER-533)
Presto compilation completed successfully.
Loading db file '/package/eda/cells/OSU/v2.7/synopsys/lib/ami05/osu05_stdcells.db'
Loading db file '/package/eda/synopsys/syn-K-2015.06-SP1/libraries/syn/dw_foundation.sldb'
elaborate avSlave -lib WORK
Loading db file '/package/eda/synopsys/syn-K-2015.06-SP1/libraries/syn/gtech.db'
Loading db file '/package/eda/synopsys/syn-K-2015.06-SP1/libraries/syn/standard.sldb'
  Loading link library 'osu05_stdcells'
  Loading link library 'gtech'
Running PRESTO HDLC

Statistics for case statements in always block at line 48 in file
	'./source/avSlave.sv'
===============================================
|           Line           |  full/ parallel  |
===============================================
|            51            |     no/auto      |
===============================================

Statistics for case statements in always block at line 70 in file
	'./source/avSlave.sv'
===============================================
|           Line           |  full/ parallel  |
===============================================
|            76            |     no/auto      |
===============================================

Inferred memory devices in process
	in routine avSlave line 34 in file
		'./source/avSlave.sv'.
===============================================================================
|    Register Name    |   Type    | Width | Bus | MB | AR | AS | SR | SS | ST |
===============================================================================
|     dataIn_reg      | Flip-flop |  32   |  Y  | N  | Y  | N  | N  | N  | N  |
|      state_reg      | Flip-flop |  32   |  Y  | N  | Y  | N  | N  | N  | N  |
===============================================================================

Inferred tri-state devices in process
	in routine avSlave line 70 in file
		'./source/avSlave.sv'.
=================================================
| Register Name |       Type       | Width | MB |
=================================================
| wAddress_tri  | Tri-State Buffer |   9   | N  |
| sWriteEn_tri  | Tri-State Buffer |   1   | N  |
=================================================
Presto compilation completed successfully.
Elaborated 1 design.
Current design is now 'avSlave'.
uniquify
# Step 2: Set design constraints
# Uncomment below to set timing, area, power, etc. constraints
# set_max_delay <delay> -from "<input>" -to "<output>"
# set_max_area <area>
# set_max_total_power <power> mW
# Step 3: Compile the design
compile -map_effort medium
Information: Checking out the license 'DesignWare'. (SEC-104)
Information: Evaluating DesignWare library utilization. (UISN-27)

============================================================================
| DesignWare Building Block Library  |         Version         | Available |
============================================================================
| Basic DW Building Blocks           | K-2015.06-DWBB_201506.1 |     *     |
| Licensed DW Building Blocks        | K-2015.06-DWBB_201506.1 |     *     |
============================================================================


Information: There are 2 potential problems in your design. Please run 'check_design' for more information. (LINT-99)



  Beginning Pass 1 Mapping
  ------------------------
  Processing 'avSlave'
Information: The register 'state_reg[31]' is a constant and will be removed. (OPT-1206)
Information: The register 'state_reg[30]' is a constant and will be removed. (OPT-1206)
Information: The register 'state_reg[29]' is a constant and will be removed. (OPT-1206)
Information: The register 'state_reg[28]' is a constant and will be removed. (OPT-1206)
Information: The register 'state_reg[27]' is a constant and will be removed. (OPT-1206)
Information: The register 'state_reg[26]' is a constant and will be removed. (OPT-1206)
Information: The register 'state_reg[25]' is a constant and will be removed. (OPT-1206)
Information: The register 'state_reg[24]' is a constant and will be removed. (OPT-1206)
Information: The register 'state_reg[23]' is a constant and will be removed. (OPT-1206)
Information: The register 'state_reg[22]' is a constant and will be removed. (OPT-1206)
Information: The register 'state_reg[21]' is a constant and will be removed. (OPT-1206)
Information: The register 'state_reg[20]' is a constant and will be removed. (OPT-1206)
Information: The register 'state_reg[19]' is a constant and will be removed. (OPT-1206)
Information: The register 'state_reg[18]' is a constant and will be removed. (OPT-1206)
Information: The register 'state_reg[17]' is a constant and will be removed. (OPT-1206)
Information: The register 'state_reg[16]' is a constant and will be removed. (OPT-1206)
Information: The register 'state_reg[15]' is a constant and will be removed. (OPT-1206)
Information: The register 'state_reg[14]' is a constant and will be removed. (OPT-1206)
Information: The register 'state_reg[13]' is a constant and will be removed. (OPT-1206)
Information: The register 'state_reg[12]' is a constant and will be removed. (OPT-1206)
Information: The register 'state_reg[11]' is a constant and will be removed. (OPT-1206)
Information: The register 'state_reg[10]' is a constant and will be removed. (OPT-1206)
Information: The register 'state_reg[9]' is a constant and will be removed. (OPT-1206)
Information: The register 'state_reg[8]' is a constant and will be removed. (OPT-1206)
Information: The register 'state_reg[7]' is a constant and will be removed. (OPT-1206)
Information: The register 'state_reg[6]' is a constant and will be removed. (OPT-1206)
Information: The register 'state_reg[5]' is a constant and will be removed. (OPT-1206)
Information: The register 'state_reg[4]' is a constant and will be removed. (OPT-1206)
Information: The register 'state_reg[3]' is a constant and will be removed. (OPT-1206)
Information: The register 'state_reg[2]' is a constant and will be removed. (OPT-1206)

  Updating timing information
Information: Updating design information... (UID-85)
Information: Design 'avSlave' has no optimization constraints set. (OPT-108)

  Beginning Implementation Selection
  ----------------------------------
  Processing 'avSlave_DW01_cmp2_0'

  Beginning Mapping Optimizations  (Medium effort)
  -------------------------------
  Structuring 'avSlave'
  Mapping 'avSlave'

                                  TOTAL                                      
   ELAPSED            WORST NEG   SETUP    DESIGN                            
    TIME      AREA      SLACK     COST    RULE COST         ENDPOINT         
  --------- --------- --------- --------- --------- -------------------------
    0:00:01   96246.0      0.00       0.0       0.9                          
    0:00:01   96246.0      0.00       0.0       0.9                          
    0:00:01   96246.0      0.00       0.0       0.9                          
    0:00:01   96246.0      0.00       0.0       0.9                          
    0:00:01   96246.0      0.00       0.0       0.9                          
    0:00:01   94806.0      0.00       0.0       0.8                          
    0:00:01   94806.0      0.00       0.0       0.8                          
    0:00:01   94806.0      0.00       0.0       0.8                          
    0:00:01   94806.0      0.00       0.0       0.8                          
    0:00:01   94806.0      0.00       0.0       0.8                          
    0:00:01   94806.0      0.00       0.0       0.8                          
    0:00:01   94806.0      0.00       0.0       0.8                          
    0:00:01   94806.0      0.00       0.0       0.8                          



  Beginning Delay Optimization Phase
  ----------------------------------

                                  TOTAL                                      
   ELAPSED            WORST NEG   SETUP    DESIGN                            
    TIME      AREA      SLACK     COST    RULE COST         ENDPOINT         
  --------- --------- --------- --------- --------- -------------------------
    0:00:01   94806.0      0.00       0.0       0.8                          
    0:00:01   94806.0      0.00       0.0       0.8                          
    0:00:01   94806.0      0.00       0.0       0.8                          


  Beginning Design Rule Fixing  (max_capacitance)
  ----------------------------

                                  TOTAL                                      
   ELAPSED            WORST NEG   SETUP    DESIGN                            
    TIME      AREA      SLACK     COST    RULE COST         ENDPOINT         
  --------- --------- --------- --------- --------- -------------------------
    0:00:01   94806.0      0.00       0.0       0.8                          
    0:00:01   95166.0      0.00       0.0       0.0                          


  Beginning Area-Recovery Phase  (cleanup)
  -----------------------------

                                  TOTAL                                      
   ELAPSED            WORST NEG   SETUP    DESIGN                            
    TIME      AREA      SLACK     COST    RULE COST         ENDPOINT         
  --------- --------- --------- --------- --------- -------------------------
    0:00:01   95166.0      0.00       0.0       0.0                          
    0:00:01   95166.0      0.00       0.0       0.0                          
    0:00:01   94950.0      0.00       0.0       0.0                          
    0:00:01   94950.0      0.00       0.0       0.0                          
    0:00:01   94950.0      0.00       0.0       0.0                          
    0:00:01   94950.0      0.00       0.0       0.0                          
    0:00:01   94950.0      0.00       0.0       0.0                          
    0:00:01   94950.0      0.00       0.0       0.0                          
    0:00:01   94950.0      0.00       0.0       0.0                          
    0:00:01   94950.0      0.00       0.0       0.0                          
    0:00:01   94950.0      0.00       0.0       0.0                          
Loading db file '/package/eda/cells/OSU/v2.7/synopsys/lib/ami05/osu05_stdcells.db'


Note: Symbol # after min delay cost means estimated hold TNS across all active scenarios 


  Optimization Complete
  ---------------------
# Step 4: Output reports
report_timing -path full -delay max -max_paths 1 -nworst 1 > reports/avSlave.rep
report_area >> reports/avSlave.rep
report_power -hier >> reports/avSlave.rep
# Step 5: Output final VHDL and Verilog files
write_file -format verilog -hierarchy -output "mapped/avSlave.v"
Writing verilog file '/home/ecegrid/a/mg103/ece337/finalProject/FFT/charlesIsCool/mapped/avSlave.v'.
echo "\nScript Done\n"

Script Done

echo "\nChecking Design\n"

Checking Design

check_design
 
****************************************
check_design summary:
Version:     K-2015.06-SP1
Date:        Sun Nov 27 00:41:23 2016
****************************************

                   Name                                            Total
--------------------------------------------------------------------------------
Inputs/Outputs                                                      1
    Unconnected ports (LINT-28)                                     1
--------------------------------------------------------------------------------

Warning: In design 'avSlave', port 'slave_read' is not connected to any nets. (LINT-28)
quit

Thank you...
Done


